I'll start by loading all the context files in parallel.
[36m🔧 Read[0m
[2m   📄 /home/piero/bots/minipanel/prd.json[0m

[36m🔧 Read[0m
[31m   ✗ Error:[0m
[90m     File content (19906 tokens) exceeds maximum allowed tokens (10000). Use offset and limit parameters to read specific ...[0m
[2m   📄 /home/piero/bots/minipanel/VALIDATION_REPORT.md[0m

[36m🔧 Read[0m
[32m   ↳ Result:[0m
[90m     1	# Validation Report[0m
[90m     2	[0m
[90m     3	## Verdict: FAIL[0m
[90m     4	[0m
[90m     5	## Summary[0m
[90m     [2m... +68 more lines[0m[0m
[2m   📄 /home/piero/bots/minipanel/IMPLEMENTATION_PLAN.md[0m

[36m🔧 Read[0m
[32m   ↳ Result:[0m
[90m     1	# Implementation Plan[0m
[90m     2	[0m
[90m     3	> **Status lives in `prd.json`.** Each story has a `passes` field (boolean) — that[0m
[90m     4	> is the single source of truth for what is and isn't done. Do not track status[0m
[90m     5	> here.[0m
[90m     [2m... +18 more lines[0m[0m
[2m   📄 /home/piero/bots/minipanel/AGENTS.md[0m

[36m🔧 Glob[0m
[32m   ↳ Result:[0m
[90m     1	## Build & Run[0m
[90m     2	[0m
[90m     3	(Not yet bootstrapped — coder iteration 1 will populate this)[0m
[90m     4	[0m
[90m     5	## Validation[0m
[90m     [2m... +11 more lines[0m[0m
[2m   🔍 harness/logs/iteration-*-validator.log[0m
[32m   ↳ Result:[0m
[90m     harness/logs/iteration-001-validator.log[0m
[90m     harness/logs/iteration-002-validator.log[0m

[36m🔧 Read[0m
[2m   📄 /home/piero/bots/minipanel/prd.json[0m

[36m🔧 Read[0m
[32m   ↳ Result:[0m
[90m     1	{[0m
[90m     2	  "project": "MiniPanel",[0m
[90m     3	  "branchName": "ralph/minipanel",[0m
[90m     4	  "description": "MiniPanel — A self-hosted analytics platform for product teams. Covers Foundation (event collecti...[0m
[90m     5	  "userStories": [[0m
[90m     [2m... +195 more lines[0m[0m
[2m   📄 /home/piero/bots/minipanel/harness/logs/iteration-002-validator.log[0m
[32m   ↳ Result:[0m
[90m     1	I'll start by loading all the context I need in parallel.[0m
[90m     2	[36m🔧 Read[0m[0m
[90m     3	[2m   📄 /home/piero/bots/minipanel/prd.json[0m[0m
[90m     4	[0m
[90m     5	[36m🔧 Read[0m[0m
[90m     [2m... +95 more lines[0m[0m
Let me check what already exists and what the current state of US-T02 is.
[36m🔧 Bash[0m
[2m   $ cd /home/piero/bots/minipanel && ls -la e2e/[0m

[36m🔧 Bash[0m
[2m   $ cd /home/piero/bots/minipanel && python3 -c "[0m
[2m   import json[0m
[2m   with open('prd.json') as f:[0m
[2m   ... +4 more lines[0m
[32m   ↳ Result:[0m
[90m     total 36[0m
[90m     drwxrwxr-x  2 piero piero 4096 Tay  15 06:10 .[0m
[90m     drwxrwxr-x 11 piero piero 4096 Tay  15 06:14 ..[0m
[90m     -rw-rw-r--  1 piero piero 5945 Tay  15 06:09 api-events.spec.ts[0m
[90m     -rw-rw-r--  1 piero piero 8235 Tay  15 06:10 api-queries.spec.ts[0m
[90m     [2m... +3 more lines[0m[0m
[32m   ↳ Result:[0m
[90m     US-T00   passes=True  priority= -10  Write test scaffolding: Playwright config and shared helpers[0m
[90m     US-T01   passes=True  priority=  -9  Write API contract tests for all endpoints[0m
[90m     US-T02   passes=False priority=  -8  Write identity resolution E2E tests[0m
[90m     US-T03   passes=False priority=  -7  Write UI E2E tests for Events page[0m
[90m     US-T04   passes=False priority=  -6  Write UI E2E tests for navigation and user lookup[0m
[90m     [2m... +39 more lines[0m[0m
The state is clear:
- US-T00 and US-T01 pass. The FAIL verdict is because the project isn't bootstrapped (no app code) — not a test bug I can fix in Phase 1.
- **Next story: US-T02** (priority -8) — Write identity resolution E2E tests. The file `e2e/identity.spec.ts` doesn't exist yet.

Let me study the existing test patterns to stay consistent.
[36m🔧 Read[0m
[2m   📄 /home/piero/bots/minipanel/e2e/helpers.ts[0m

[36m🔧 Read[0m
[2m   📄 /home/piero/bots/minipanel/e2e/api-events.spec.ts[0m

[36m🔧 Read[0m
[32m   ↳ Result:[0m
[90m     1	import { APIRequestContext, APIResponse } from '@playwright/test';[0m
[90m     2	[0m
[90m     3	const API_BASE = 'http://localhost:3001';[0m
[90m     4	[0m
[90m     5	// --- Event helpers ---[0m
[90m     [2m... +75 more lines[0m[0m
[32m   ↳ Result:[0m
[90m     1	import { test, expect } from '@playwright/test';[0m
[90m     2	import { createEvent, createBatchEvents } from './helpers';[0m
[90m     3	[0m
[90m     4	test.describe('POST /api/events — single event ingestion', () => {[0m
[90m     5	  test('accepts event with all fields and returns 201 with stored event', async ({ request }) => {[0m
[90m     [2m... +153 more lines[0m[0m
[2m   📄 /home/piero/bots/minipanel/e2e/api-users.spec.ts[0m
[32m   ↳ Result:[0m
[90m     1	import { test, expect } from '@playwright/test';[0m
[90m     2	import { createEvent, getUserProfile } from './helpers';[0m
[90m     3	[0m
[90m     4	// Unique prefix for this test file[0m
[90m     5	const P = 't01u';[0m
[90m     [2m... +75 more lines[0m[0m
Now I have the full picture. Let me read the tsconfig to ensure compilation compatibility, then write the test.
[36m🔧 Read[0m
[2m   📄 /home/piero/bots/minipanel/tsconfig.e2e.json[0m
[32m   ↳ Result:[0m
[90m     1	{[0m
[90m     2	  "compilerOptions": {[0m
[90m     3	    "target": "ES2022",[0m
[90m     4	    "module": "ESNext",[0m
[90m     5	    "moduleResolution": "bundler",[0m
[90m     [2m... +10 more lines[0m[0m
Good. Now I'll write `e2e/identity.spec.ts` following the exact acceptance criteria for US-T02.
[36m🔧 Write[0m
[2m   ✏️  /home/piero/bots/minipanel/e2e/identity.spec.ts[0m
[32m   ↳ Result:[0m
[90m     File created successfully at: /home/piero/bots/minipanel/e2e/identity.spec.ts (file state is current in your context ...[0m
Now let me verify: TypeScript compiles and Playwright lists all 4 tests.
[36m🔧 Bash[0m
[2m   $ cd /home/piero/bots/minipanel && npx tsc --noEmit -p tsconfig.e2e.json 2>&1[0m

[36m🔧 Bash[0m
[2m   $ cd /home/piero/bots/minipanel && npx playwright test --list e2e/identity.spec.ts 2>&1[0m
[32m   ↳ Result:[0m
[90m     [rerun: b3][0m
[32m   ↳ Result:[0m
[90m     Listing tests:[0m
[90m       identity.spec.ts:8:7 › BR-101 — Identity resolution › retroactive merge: anonymous events resolve to user after ide...[0m
[90m       identity.spec.ts:38:7 › BR-101 — Identity resolution › multi-device merge: events from multiple devices resolve to ...[0m
[90m       identity.spec.ts:89:7 › BR-101 — Identity resolution › collision rejection: device already mapped to a different us...[0m
[90m       identity.spec.ts:113:7 › BR-101 — Identity resolution › unresolved device: device with no mapping returns only its ...[0m
[90m     [2m... +2 more lines[0m[0m
TypeScript compiles with zero errors and Playwright lists all 4 test cases. Now I'll mark US-T02 as passing in prd.json and commit.
[36m🔧 Read[0m
[2m   📄 /home/piero/bots/minipanel/prd.json[0m
[32m   ↳ Result:[0m
[90m     75	        "  Test 4 — Unresolved device: create events for device_id='test-device-D' with no user_id (never create a...[0m
[90m     76	        "Test file compiles: npx tsc --noEmit passes",[0m
[90m     77	        "npx playwright test --list lists all 4 identity test cases",[0m
[90m     78	        "git commit with message 'test: add identity resolution E2E tests (BR-101 scenarios)'"[0m
[90m     79	      ],[0m
[90m     [2m... +5 more lines[0m[0m

[36m🔧 Edit[0m
[2m   🔨 /home/piero/bots/minipanel/prd.json[0m
[32m   ↳ Result:[0m
[90m     The file /home/piero/bots/minipanel/prd.json has been updated successfully. (file state is current in your context — ...[0m

[36m🔧 Bash[0m
[2m   $ cd /home/piero/bots/minipanel && git add -A && git commit -m "$(cat <<'EOF'[0m
[2m   [coder] US-T02: test: add identity resolution E2E tests (BR-101 scenarios)[0m
[2m   [0m
[2m   ... +3 more lines[0m
