I'll start by loading the key context files in parallel.
[36m🔧 Read[0m
[2m   📄 /home/piero/bots/minipanel/prd.json[0m

[36m🔧 Read[0m
[2m   📄 /home/piero/bots/minipanel/VALIDATION_REPORT.md[0m

[36m🔧 Read[0m
[32m   ↳ Result:[0m
[90m     1	# Validation Report[0m
[90m     2	[0m
[90m     3	## Verdict: FAIL[0m
[90m     4	[0m
[90m     5	## Summary[0m
[90m     [2m... +62 more lines[0m[0m
[31m   ✗ Error:[0m
[90m     File content (19906 tokens) exceeds maximum allowed tokens (10000). Use offset and limit parameters to read specific ...[0m
[2m   📄 /home/piero/bots/minipanel/IMPLEMENTATION_PLAN.md[0m

[36m🔧 Read[0m
[32m   ↳ Result:[0m
[90m     1	# Implementation Plan[0m
[90m     2	[0m
[90m     3	> **Status lives in `prd.json`.** Each story has a `passes` field (boolean) — that[0m
[90m     4	> is the single source of truth for what is and isn't done. Do not track status[0m
[90m     5	> here.[0m
[90m     [2m... +18 more lines[0m[0m
[2m   📄 /home/piero/bots/minipanel/AGENTS.md[0m
[32m   ↳ Result:[0m
[90m     1	## Build & Run[0m
[90m     2	[0m
[90m     3	(Not yet bootstrapped — coder iteration 1 will populate this)[0m
[90m     4	[0m
[90m     5	## Validation[0m
[90m     [2m... +11 more lines[0m[0m
Let me read prd.json in chunks and check the latest validator log.
[36m🔧 Read[0m
[2m   📄 /home/piero/bots/minipanel/prd.json[0m

[36m🔧 Bash[0m
[32m   ↳ Result:[0m
[90m     1	{[0m
[90m     2	  "project": "MiniPanel",[0m
[90m     3	  "branchName": "ralph/minipanel",[0m
[90m     4	  "description": "MiniPanel — A self-hosted analytics platform for product teams. Covers Foundation (event collecti...[0m
[90m     5	  "userStories": [[0m
[90m     [2m... +195 more lines[0m[0m
[2m   $ ls -la /home/piero/bots/minipanel/harness/logs/[0m

[36m🔧 Bash[0m
[2m   $ ls -la /home/piero/bots/minipanel/backend/ /home/piero/bots/minipanel/frontend/ /home/piero/bot...[0m
[32m   ↳ Result:[0m
[90m     total 36[0m
[90m     drwxrwxr-x 2 piero piero  4096 Tay  15 06:07 .[0m
[90m     drwxrwxr-x 3 piero piero  4096 Tay  15 05:39 ..[0m
[90m     -rw-rw-r-- 1 piero piero 10420 Tay  15 06:05 iteration-001-coder.log[0m
[90m     -rw-rw-r-- 1 piero piero  9928 Tay  15 06:07 iteration-001-validator.log[0m
[90m     [2m... +2 more lines[0m[0m
[32m   ↳ Result:[0m
[90m     /home/piero/bots/minipanel/backend/:[0m
[90m     total 8[0m
[90m     drwxrwxr-x  2 piero piero 4096 Tay  15 05:25 .[0m
[90m     drwxrwxr-x 11 piero piero 4096 Tay  15 06:07 ..[0m
[90m     -rw-rw-r--  1 piero piero    0 Tay  14 08:45 .gitkeep[0m
[90m     [2m... +11 more lines[0m[0m
Let me continue reading prd.json and the latest logs.
[36m🔧 Read[0m
[2m   📄 /home/piero/bots/minipanel/prd.json[0m

[36m🔧 Read[0m
[32m   ↳ Result:[0m
[90m     200	        "Test: Changing date range preset updates the chart",[0m
[90m     201	        "Test: Chart has a tooltip visible on hover with date and values",[0m
[90m     202	        "Test: Chart has a legend identifying the series",[0m
[90m     203	        "Test: Selecting measure 'Sum' shows a property dropdown",[0m
[90m     204	        "Test: Selecting measure 'Total Count' hides the property dropdown",[0m
[90m     [2m... +195 more lines[0m[0m
[2m   📄 /home/piero/bots/minipanel/harness/logs/iteration-002-coder.log[0m

[36m🔧 Read[0m
[32m   ↳ Result:[0m
[90m     1	I'll start by loading the key context files in parallel.[0m
[90m     2	[36m🔧 Read[0m[0m
[90m     3	[2m   📄 /home/piero/bots/minipanel/prd.json[0m[0m
[90m     4	[0m
[90m     5	[36m🔧 Read[0m[0m
[90m     [2m... +73 more lines[0m[0m
[2m   📄 /home/piero/bots/minipanel/harness/logs/iteration-001-validator.log[0m
[32m   ↳ Result:[0m
[90m     1	I'll start by loading all the context I need in parallel.[0m
[90m     2	[36m🔧 Read[0m[0m
[90m     3	[2m   📄 /home/piero/bots/minipanel/prd.json[0m[0m
[90m     4	[0m
[90m     5	[36m🔧 Read[0m[0m
[90m     [2m... +222 more lines[0m[0m
Now let me read the existing test infrastructure files and check the current state more carefully.
[36m🔧 Read[0m
[2m   📄 /home/piero/bots/minipanel/e2e/helpers.ts[0m

[36m🔧 Read[0m
[32m   ↳ Result:[0m
[90m     1	import { APIRequestContext, APIResponse } from '@playwright/test';[0m
[90m     2	[0m
[90m     3	const API_BASE = 'http://localhost:3001';[0m
[90m     4	[0m
[90m     5	// --- Event helpers ---[0m
[90m     [2m... +75 more lines[0m[0m
[2m   📄 /home/piero/bots/minipanel/playwright.config.ts[0m

[36m🔧 Read[0m
[32m   ↳ Result:[0m
[90m     1	import { defineConfig } from '@playwright/test';[0m
[90m     2	[0m
[90m     3	export default defineConfig({[0m
[90m     4	  testDir: './e2e',[0m
[90m     5	  fullyParallel: false,[0m
[90m     [2m... +18 more lines[0m[0m
[2m   📄 /home/piero/bots/minipanel/package.json[0m

[36m🔧 Read[0m
[32m   ↳ Result:[0m
[90m     1	{[0m
[90m     2	  "name": "minipanel",[0m
[90m     3	  "private": true,[0m
[90m     4	  "workspaces": [[0m
[90m     5	    "backend",[0m
[90m     [2m... +17 more lines[0m[0m
[2m   📄 /home/piero/bots/minipanel/tsconfig.e2e.json[0m
[32m   ↳ Result:[0m
[90m     1	{[0m
[90m     2	  "compilerOptions": {[0m
[90m     3	    "target": "ES2022",[0m
[90m     4	    "module": "ESNext",[0m
[90m     5	    "moduleResolution": "bundler",[0m
[90m     [2m... +10 more lines[0m[0m
Good. I have the full picture:

- **US-T00** is the only story with `passes: true` — confirmed.
- **e2e/** has only `helpers.ts` — no spec files.
- **Project is not bootstrapped** — empty backend/frontend.
- **Next story: US-T01 (priority -9)** — Write API contract tests for all endpoints.

I need to create three test files: `api-events.spec.ts`, `api-queries.spec.ts`, and `api-users.spec.ts`. Let me write them all.
[36m🔧 ToolSearch[0m
[2m   query: select:TodoWrite[0m
[32m   ↳ Result:[0m

[36m🔧 TodoWrite[0m
[2m   6 tasks[0m
[32m   ↳ Result:[0m
[90m     Todos have been modified successfully. Ensure that you continue to use the todo list to track your progress. Please p...[0m

[36m🔧 Write[0m
[2m   ✏️  /home/piero/bots/minipanel/e2e/api-events.spec.ts[0m
[32m   ↳ Result:[0m
[90m     File created successfully at: /home/piero/bots/minipanel/e2e/api-events.spec.ts (file state is current in your contex...[0m

[36m🔧 TodoWrite[0m
[2m   6 tasks[0m
[32m   ↳ Result:[0m
[90m     Todos have been modified successfully. Ensure that you continue to use the todo list to track your progress. Please p...[0m

[36m🔧 Write[0m
[2m   ✏️  /home/piero/bots/minipanel/e2e/api-queries.spec.ts[0m
[32m   ↳ Result:[0m
[90m     File created successfully at: /home/piero/bots/minipanel/e2e/api-queries.spec.ts (file state is current in your conte...[0m

[36m🔧 TodoWrite[0m
[2m   6 tasks[0m
[32m   ↳ Result:[0m
[90m     Todos have been modified successfully. Ensure that you continue to use the todo list to track your progress. Please p...[0m

[36m🔧 Write[0m
[2m   ✏️  /home/piero/bots/minipanel/e2e/api-users.spec.ts[0m
[32m   ↳ Result:[0m
[90m     File created successfully at: /home/piero/bots/minipanel/e2e/api-users.spec.ts (file state is current in your context...[0m

[36m🔧 TodoWrite[0m
[2m   6 tasks[0m
[32m   ↳ Result:[0m
[90m     Todos have been modified successfully. Ensure that you continue to use the todo list to track your progress. Please p...[0m
Now let me verify TypeScript compilation and test listing.
[36m🔧 Bash[0m
[2m   $ cd /home/piero/bots/minipanel && npx tsc --noEmit -p tsconfig.e2e.json 2>&1[0m

[36m🔧 Bash[0m
[2m   $ cd /home/piero/bots/minipanel && npx playwright test --list 2>&1[0m
[32m   ↳ Result:[0m
[90m     [rerun: b3][0m
[32m   ↳ Result:[0m
[90m     Listing tests:[0m
[90m       api-events.spec.ts:5:7 › POST /api/events — single event ingestion › accepts event with all fields and returns 201 ...[0m
[90m       api-events.spec.ts:24:7 › POST /api/events — single event ingestion › accepts event with minimal fields (event + de...[0m
[90m       api-events.spec.ts:37:7 › POST /api/events — single event ingestion › accepts event with minimal fields (event + us...[0m
[90m       api-events.spec.ts:50:7 › POST /api/events — single event ingestion › rejects event missing event name with 400[0m
[90m     [2m... +21 more lines[0m[0m
TypeScript compiles cleanly, and all 23 test cases are listed across 3 files. Let me update prd.json and commit.
[36m🔧 TodoWrite[0m
[2m   6 tasks[0m
[32m   ↳ Result:[0m
[90m     Todos have been modified successfully. Ensure that you continue to use the todo list to track your progress. Please p...[0m

[36m🔧 Read[0m
[2m   📄 /home/piero/bots/minipanel/prd.json[0m
[32m   ↳ Result:[0m
[90m     60	        "git commit with message 'test: add API contract tests for events, queries, and users'"[0m
[90m     61	      ],[0m
[90m     62	      "priority": -9,[0m
[90m     63	      "passes": false,[0m
[90m     64	      "notes": "Tests seed their own data using createEvent() and createBatchEvents() helpers in beforeAll hooks. ...[0m

[36m🔧 Edit[0m
[2m   🔨 /home/piero/bots/minipanel/prd.json[0m
[32m   ↳ Result:[0m
[90m     The file /home/piero/bots/minipanel/prd.json has been updated successfully. (file state is current in your context — ...[0m

[36m🔧 Bash[0m
[2m   $ cd /home/piero/bots/minipanel && git add -A && git commit -m "$(cat <<'EOF'[0m
[2m   [coder] US-T01: test: add API contract tests for events, queries, and users[0m
[2m   [0m
[2m   ... +3 more lines[0m
[32m   ↳ Result:[0m
[90m     [main c81b71a] [coder] US-T01: test: add API contract tests for events, queries, and users[0m
[90m      6 files changed, 699 insertions(+), 1 deletion(-)[0m
[90m      create mode 100644 e2e/api-events.spec.ts[0m
[90m      create mode 100644 e2e/api-queries.spec.ts[0m
[90m      create mode 100644 e2e/api-users.spec.ts[0m
[90m     [2m... +2 more lines[0m[0m

[36m🔧 TodoWrite[0m
[2m   6 tasks[0m
[32m   ↳ Result:[0m
[90m     Todos have been modified successfully. Ensure that you continue to use the todo list to track your progress. Please p...[0m
**US-T01 complete.** Created 3 API contract test files with 23 test cases covering all specified endpoints:

- `e2e/api-events.spec.ts` — 11 tests for POST /api/events (single) and POST /api/events/batch
- `e2e/api-queries.spec.ts` — 9 tests for GET /api/events (filters/pagination), GET /api/events/names, GET /api/stats/overview
- `e2e/api-users.spec.ts` — 3 tests for GET /api/users/:id (known user, device resolution, 404)

TypeScript compiles cleanly, all tests list without errors. Each file uses unique prefixed identifiers to prevent cross-test collisions.

━━━━━━━━━━━━━━━━━━━━━━━━━━━━━━━━━━━━━━━━
[32m✅ Done[0m in 3m 29s | Cost: $1.0972 | Tokens: ↓22 ↑12,915 | Tools: 29
STATS input_tokens:22 output_tokens:12915 cache_read:928815 cache_write:49568 cost_usd:1.0971925000000002
